[0m18:41:23.850046 [debug] [MainThread]: Sending event: {'category': 'dbt', 'action': 'invocation', 'label': 'start', 'context': [<snowplow_tracker.self_describing_json.SelfDescribingJson object at 0x111c5a3a0>, <snowplow_tracker.self_describing_json.SelfDescribingJson object at 0x1131a21f0>, <snowplow_tracker.self_describing_json.SelfDescribingJson object at 0x1131a2520>]}


============================== 18:41:23.861049 | 41034e5c-c0f3-4263-bdae-59db2c7ccb14 ==============================
[0m18:41:23.861049 [info ] [MainThread]: Running with dbt=1.10.20
[0m18:41:23.862121 [debug] [MainThread]: running dbt with arguments {'log_path': 'logs', 'debug': 'False', 'version_check': 'True', 'empty': 'None', 'partial_parse': 'True', 'introspect': 'True', 'warn_error_options': 'WarnErrorOptionsV2(error=[], warn=[], silence=[])', 'quiet': 'False', 'target_path': 'None', 'static_parser': 'True', 'log_format': 'default', 'use_experimental_parser': 'False', 'warn_error': 'None', 'send_anonymous_usage_stats': 'True', 'indirect_selection': 'eager', 'printer_width': '80', 'write_json': 'True', 'no_print': 'None', 'profiles_dir': '/Users/katiepeters/.dbt', 'use_colors': 'True', 'log_cache_events': 'False', 'cache_selected_only': 'False', 'fail_fast': 'False', 'invocation_command': 'dbt init wearcast_dbt'}
[0m18:41:23.896848 [info ] [MainThread]: Creating dbt configuration folder at /Users/katiepeters/.dbt
[0m18:41:23.915202 [debug] [MainThread]: Starter project path: /Users/katiepeters/Desktop/wearcast/venv/lib/python3.9/site-packages/dbt/include/starter_project
[0m18:41:23.931196 [info ] [MainThread]: 
Your new dbt project "wearcast_dbt" was created!

For more information on how to configure the profiles.yml file,
please consult the dbt documentation here:

  https://docs.getdbt.com/docs/configure-your-profile

One more thing:

Need help? Don't hesitate to reach out to us via GitHub issues or on Slack:

  https://community.getdbt.com/

Happy modeling!

[0m18:41:23.932078 [info ] [MainThread]: Setting up your profile.
[0m18:41:49.310964 [info ] [MainThread]: Profile wearcast_dbt written to /Users/katiepeters/.dbt/profiles.yml using target's sample configuration. Once updated, you'll be able to start developing with dbt.
[0m18:41:49.355516 [debug] [MainThread]: Resource report: {"command_name": "init", "command_success": true, "command_wall_clock_time": 25.647293, "process_in_blocks": "0", "process_kernel_time": 0.634109, "process_mem_max_rss": "108003328", "process_out_blocks": "0", "process_user_time": 3.000903}
[0m18:41:49.358220 [debug] [MainThread]: Command `dbt init` succeeded at 18:41:49.357498 after 25.65 seconds
[0m18:41:49.360119 [debug] [MainThread]: Sending event: {'category': 'dbt', 'action': 'invocation', 'label': 'end', 'context': [<snowplow_tracker.self_describing_json.SelfDescribingJson object at 0x111c5a3a0>, <snowplow_tracker.self_describing_json.SelfDescribingJson object at 0x113265d90>, <snowplow_tracker.self_describing_json.SelfDescribingJson object at 0x1132ee580>]}
[0m18:41:49.361570 [debug] [MainThread]: Flushing usage events
[0m18:41:49.738516 [debug] [MainThread]: An error was encountered while trying to flush usage events
